<?xml version="1.0" encoding="UTF-8"?>
<!-- Generated by org.testng.reporters.JUnitReportReporter -->
<testsuite skipped="0" hostname="DESKTOP-FQ5S7NL" name="com.testautomation.TestRunner.TestRunner" tests="1" failures="0" timestamp="11 Jan 2021 20:11:37 GMT" time="49.530" errors="0">
  <testcase name="feature" time="49.530" classname="com.testautomation.TestRunner.TestRunner"/>
</testsuite> <!-- com.testautomation.TestRunner.TestRunner -->
